\BOOKMARK [0][-]{chapter.1}{\376\377\000I\000n\000t\000r\000o\000d\000u\000c\000c\000i\000\363\000n}{}% 1
\BOOKMARK [1][-]{section.1.1}{\376\377\000P\000r\000o\000b\000l\000e\000m\000\341\000t\000i\000c\000a}{chapter.1}% 2
\BOOKMARK [1][-]{section.1.2}{\376\377\000S\000o\000l\000u\000c\000i\000\363\000n}{chapter.1}% 3
\BOOKMARK [1][-]{section.1.3}{\376\377\000O\000b\000j\000e\000t\000i\000v\000o}{chapter.1}% 4
\BOOKMARK [1][-]{section.1.4}{\376\377\000A\000l\000c\000a\000n\000c\000e}{chapter.1}% 5
\BOOKMARK [0][-]{chapter.2}{\376\377\000N\000o\000r\000m\000a\000\040\000M\000e\000x\000i\000c\000a\000n\000a\000\040\000N\000M\000X\000-\000I\000-\0000\0005\0009\000-\000N\000Y\000C\000E}{}% 6
\BOOKMARK [1][-]{section.2.1}{\376\377\000C\000a\000t\000e\000g\000o\000r\000\355\000a\000s\000\040\000d\000e\000\040\000P\000r\000o\000c\000e\000s\000o\000s}{chapter.2}% 7
\BOOKMARK [1][-]{section.2.2}{\376\377\000N\000i\000v\000e\000l\000e\000s\000\040\000d\000e\000\040\000C\000a\000p\000a\000c\000i\000d\000a\000d\000\040\000d\000e\000\040\000P\000r\000o\000c\000e\000s\000o\000s}{chapter.2}% 8
\BOOKMARK [2][-]{subsection.2.2.1}{\376\377\000D\000e\000f\000i\000n\000c\000i\000\363\000n\000\040\000d\000e\000\040\000C\000o\000n\000c\000e\000p\000t\000o\000s\000\040\000y\000\040\000P\000r\000o\000d\000u\000c\000t\000o\000s}{section.2.2}% 9
\BOOKMARK [2][-]{subsection.2.2.2}{\376\377\000R\000e\000q\000u\000i\000s\000i\000t\000o\000s\000\040\000d\000e\000\040\000P\000r\000o\000c\000e\000s\000o\000s\000\040\000\050\000M\000o\000P\000r\000o\000S\000o\000f\000t\000\051}{section.2.2}% 10
\BOOKMARK [2][-]{subsection.2.2.3}{\376\377\000G\000u\000\355\000a\000\040\000d\000e\000\040\000I\000m\000p\000l\000a\000n\000t\000a\000c\000i\000\363\000n\000\040\000d\000e\000\040\000P\000r\000o\000c\000e\000s\000o\000s}{section.2.2}% 11
\BOOKMARK [2][-]{subsection.2.2.4}{\376\377\000D\000i\000r\000e\000c\000t\000r\000i\000c\000e\000s\000\040\000p\000a\000r\000a\000\040\000l\000a\000\040\000E\000v\000a\000l\000u\000a\000c\000i\000\363\000n}{section.2.2}% 12
\BOOKMARK [1][-]{section.2.3}{\376\377\000D\000i\000a\000g\000r\000a\000m\000a\000\040\000d\000e\000\040\000F\000l\000u\000j\000o}{chapter.2}% 13
\BOOKMARK [1][-]{section.2.4}{\376\377\000P\000l\000a\000n\000\040\000d\000e\000\040\000D\000e\000s\000a\000r\000r\000o\000l\000l\000o}{chapter.2}% 14
\BOOKMARK [2][-]{subsection.2.4.1}{\376\377\000M\000e\000t\000o\000d\000o\000l\000o\000g\000\355\000a\000\040\000S\000C\000R\000U\000M}{section.2.4}% 15
\BOOKMARK [0][-]{chapter.3}{\376\377\000A\000n\000\341\000l\000i\000s\000i\000s\000\040\000d\000e\000\040\000D\000a\000t\000o\000s}{}% 16
\BOOKMARK [1][-]{section.3.1}{\376\377\000R\000e\000q\000u\000e\000r\000i\000m\000i\000e\000n\000t\000o\000s\000\040\000F\000u\000n\000c\000i\000o\000n\000a\000l\000e\000s}{chapter.3}% 17
\BOOKMARK [1][-]{section.3.2}{\376\377\000R\000e\000q\000u\000e\000r\000i\000m\000i\000e\000n\000t\000o\000s\000\040\000N\000o\000\040\000F\000u\000n\000c\000i\000o\000n\000a\000l\000e\000s}{chapter.3}% 18
\BOOKMARK [0][-]{chapter.4}{\376\377\000A\000n\000\341\000l\000i\000s\000i\000s}{}% 19
\BOOKMARK [1][-]{section.4.1}{\376\377\000E\000n\000t\000r\000e\000g\000a\000b\000l\000e\000s}{chapter.4}% 20
\BOOKMARK [1][-]{section.4.2}{\376\377\000H\000U\0001\000\040\000I\000n\000i\000c\000i\000a\000r\000\040\000S\000e\000s\000i\000\363\000n}{chapter.4}% 21
\BOOKMARK [1][-]{section.4.3}{\376\377\000H\000U\0002\000\040\000V\000i\000s\000u\000a\000l\000i\000z\000a\000r\000\040\000M\000e\000n\000\372}{chapter.4}% 22
\BOOKMARK [1][-]{section.4.4}{\376\377\000H\000U\0003\000\040\000V\000i\000s\000u\000a\000l\000i\000z\000a\000r\000\040\000A\000g\000e\000n\000d\000a}{chapter.4}% 23
\BOOKMARK [1][-]{section.4.5}{\376\377\000H\000U\0004\000\040\000R\000e\000g\000i\000s\000t\000r\000a\000r\000\040\000E\000n\000t\000r\000a\000d\000a\000\040\000d\000e\000\040\000V\000e\000h\000\355\000c\000u\000l\000o}{chapter.4}% 24
\BOOKMARK [1][-]{section.4.6}{\376\377\000H\000U\0005\000\040\000M\000o\000d\000i\000f\000i\000c\000a\000r\000\040\000R\000e\000g\000i\000s\000t\000r\000o\000\040\000d\000e\000\040\000V\000e\000h\000\355\000c\000u\000l\000o}{chapter.4}% 25
\BOOKMARK [1][-]{section.4.7}{\376\377\000H\000U\0006\000\040\000E\000l\000i\000m\000i\000n\000a\000r\000\040\000R\000e\000g\000i\000s\000t\000r\000o\000\040\000d\000e\000\040\000V\000e\000h\000\355\000c\000u\000l\000o}{chapter.4}% 26
\BOOKMARK [1][-]{section.4.8}{\376\377\000H\000U\0007\000\040\000B\000u\000s\000c\000a\000r\000\040\000R\000e\000g\000i\000s\000t\000r\000o\000\040\000d\000e\000\040\000V\000e\000h\000\355\000c\000u\000l\000o}{chapter.4}% 27
\BOOKMARK [1][-]{section.4.9}{\376\377\000H\000U\0008\000\040\000V\000i\000s\000u\000a\000l\000i\000z\000a\000r\000\040\000R\000e\000f\000a\000c\000c\000i\000o\000n\000e\000s\000\040\000D\000i\000s\000p\000o\000n\000i\000b\000l\000e\000s}{chapter.4}% 28
\BOOKMARK [1][-]{section.4.10}{\376\377\000H\000U\0009\000\040\000S\000o\000l\000i\000c\000i\000t\000a\000r\000\040\000R\000e\000f\000a\000c\000c\000i\000o\000n\000e\000s}{chapter.4}% 29
\BOOKMARK [1][-]{section.4.11}{\376\377\000H\000U\0001\0000\000\040\000V\000i\000s\000u\000a\000l\000i\000z\000a\000r\000\040\000E\000m\000p\000l\000e\000a\000d\000o\000s}{chapter.4}% 30
\BOOKMARK [1][-]{section.4.12}{\376\377\000H\000U\0001\0001\000\040\000R\000e\000g\000i\000s\000t\000r\000a\000r\000\040\000E\000m\000p\000l\000e\000a\000d\000o\000s}{chapter.4}% 31
\BOOKMARK [1][-]{section.4.13}{\376\377\000H\000U\0001\0002\000\040\000M\000o\000d\000i\000f\000i\000c\000a\000r\000\040\000E\000m\000p\000l\000e\000a\000d\000o\000s}{chapter.4}% 32
\BOOKMARK [1][-]{section.4.14}{\376\377\000H\000U\0001\0003\000\040\000E\000l\000i\000m\000i\000n\000a\000r\000\040\000E\000m\000p\000l\000e\000a\000d\000o\000s}{chapter.4}% 33
\BOOKMARK [1][-]{section.4.15}{\376\377\000H\000U\0001\0003\000\040\000B\000u\000s\000c\000a\000r\000\040\000E\000m\000p\000l\000e\000a\000d\000o}{chapter.4}% 34
\BOOKMARK [1][-]{section.4.16}{\376\377\000H\000U\0001\0004\000\040\000V\000i\000s\000u\000a\000l\000i\000z\000a\000r\000\040\000S\000o\000l\000i\000c\000i\000t\000u\000d}{chapter.4}% 35
\BOOKMARK [1][-]{section.4.17}{\376\377\000H\000U\0001\0006\000\040\000A\000t\000e\000n\000d\000e\000r\000\040\000S\000o\000l\000i\000c\000i\000t\000u\000d}{chapter.4}% 36
\BOOKMARK [1][-]{section.4.18}{\376\377\000H\000U\0001\0007\000\040\000R\000e\000g\000i\000s\000t\000r\000a\000r\000\040\000R\000e\000f\000a\000c\000c\000i\000o\000n\000e\000s}{chapter.4}% 37
\BOOKMARK [1][-]{section.4.19}{\376\377\000H\000U\0001\0008\000\040\000M\000o\000d\000i\000f\000i\000c\000a\000r\000\040\000R\000e\000f\000a\000c\000c\000i\000o\000n\000e\000s}{chapter.4}% 38
\BOOKMARK [1][-]{section.4.20}{\376\377\000H\000U\0001\0009\000\040\000E\000l\000i\000m\000i\000n\000a\000r\000\040\000R\000e\000f\000a\000c\000c\000i\000o\000n\000e\000s}{chapter.4}% 39
\BOOKMARK [1][-]{section.4.21}{\376\377\000H\000U\0002\0000\000\040\000B\000u\000s\000c\000a\000r\000\040\000R\000e\000g\000i\000s\000t\000r\000o\000\040\000d\000e\000\040\000R\000e\000f\000a\000c\000c\000i\000o\000n\000e\000s}{chapter.4}% 40
\BOOKMARK [0][-]{chapter.5}{\376\377\000D\000i\000s\000e\000\361\000o\000\040}{}% 41
\BOOKMARK [1][-]{section.5.1}{\376\377\000A\000r\000q\000u\000i\000t\000e\000c\000t\000u\000r\000a\000\040\000d\000e\000l\000\040\000S\000o\000f\000t\000w\000a\000r\000e}{chapter.5}% 42
\BOOKMARK [1][-]{section.5.2}{\376\377\000V\000i\000s\000t\000a\000\040\000d\000e\000\040\000P\000r\000o\000c\000e\000s\000o\000s}{chapter.5}% 43
\BOOKMARK [2][-]{subsection.5.2.1}{\376\377\000V\000i\000s\000t\000a\000\040\000d\000e\000\040\000P\000r\000o\000c\000e\000s\000o\000s\000\040\000E\000m\000p\000l\000e\000a\000d\000o}{section.5.2}% 44
\BOOKMARK [2][-]{subsection.5.2.2}{\376\377\000V\000i\000s\000t\000a\000\040\000d\000e\000\040\000P\000r\000o\000c\000e\000s\000o\000s\000\040\000A\000d\000m\000i\000n\000i\000s\000t\000r\000a\000d\000o\000r}{section.5.2}% 45
\BOOKMARK [1][-]{section.5.3}{\376\377\000V\000i\000s\000t\000a\000\040\000L\000\363\000g\000i\000c\000a}{chapter.5}% 46
\BOOKMARK [1][-]{section.5.4}{\376\377\000V\000i\000s\000t\000a\000\040\000d\000e\000\040\000D\000e\000s\000a\000r\000r\000o\000l\000l\000o}{chapter.5}% 47
\BOOKMARK [2][-]{subsection.5.4.1}{\376\377\000P\000a\000r\000a\000\040\000e\000l\000\040\000E\000m\000p\000l\000e\000a\000d\000o\000\040\000y\000\040\000A\000d\000m\000i\000n\000i\000s\000t\000r\000a\000d\000o\000r}{section.5.4}% 48
\BOOKMARK [2][-]{subsection.5.4.2}{\376\377\000S\000o\000l\000o\000\040\000p\000a\000r\000a\000\040\000e\000l\000\040\000A\000d\000m\000i\000n\000i\000s\000t\000r\000a\000d\000o\000r}{section.5.4}% 49
\BOOKMARK [1][-]{section.5.5}{\376\377\000V\000i\000s\000t\000a\000\040\000F\000\355\000s\000i\000c\000a}{chapter.5}% 50
\BOOKMARK [1][-]{section.5.6}{\376\377\000V\000i\000s\000t\000a\000\040\000d\000e\000\040\000E\000s\000c\000e\000n\000a\000r\000i\000o\000s}{chapter.5}% 51
\BOOKMARK [2][-]{subsection.5.6.1}{\376\377\000C\000U\0001\000\040\000I\000n\000i\000c\000i\000a\000r\000\040\000S\000e\000s\000i\000\363\000n}{section.5.6}% 52
\BOOKMARK [2][-]{subsection.5.6.2}{\376\377\000C\000U\0002\000\040\000V\000i\000s\000u\000a\000l\000i\000z\000a\000r\000\040\000M\000e\000n\000\372}{section.5.6}% 53
\BOOKMARK [2][-]{subsection.5.6.3}{\376\377\000C\000U\0003\000\040\000V\000i\000s\000u\000a\000l\000i\000z\000a\000r\000\040\000A\000g\000e\000n\000d\000a}{section.5.6}% 54
\BOOKMARK [2][-]{subsection.5.6.4}{\376\377\000C\000U\0004\000\040\000R\000e\000g\000i\000s\000t\000r\000a\000r\000\040\000E\000n\000t\000r\000a\000d\000a\000\040\000d\000e\000\040\000V\000e\000h\000\355\000c\000u\000l\000o}{section.5.6}% 55
\BOOKMARK [2][-]{subsection.5.6.5}{\376\377\000C\000U\0005\000\040\000M\000o\000d\000i\000f\000i\000c\000a\000r\000\040\000R\000e\000g\000i\000s\000t\000r\000o\000\040\000d\000e\000\040\000V\000e\000h\000\355\000c\000u\000l\000o}{section.5.6}% 56
\BOOKMARK [2][-]{subsection.5.6.6}{\376\377\000C\000U\0006\000\040\000E\000l\000i\000m\000i\000n\000a\000r\000\040\000R\000e\000g\000i\000s\000t\000r\000o\000\040\000d\000e\000\040\000V\000e\000h\000\355\000c\000u\000l\000o}{section.5.6}% 57
\BOOKMARK [2][-]{subsection.5.6.7}{\376\377\000C\000U\0007\000\040\000B\000u\000s\000c\000a\000r\000\040\000R\000e\000g\000i\000s\000t\000r\000o\000\040\000d\000e\000\040\000V\000e\000h\000\355\000c\000u\000l\000o\000\040}{section.5.6}% 58
\BOOKMARK [2][-]{subsection.5.6.8}{\376\377\000C\000U\0008\000\040\000V\000i\000s\000u\000a\000l\000i\000z\000a\000r\000\040\000R\000e\000f\000a\000c\000c\000i\000o\000n\000e\000s\000\040\000D\000i\000s\000p\000o\000n\000i\000b\000l\000e\000s}{section.5.6}% 59
\BOOKMARK [2][-]{subsection.5.6.9}{\376\377\000C\000U\0009\000\040\000S\000o\000l\000i\000c\000i\000t\000a\000r\000\040\000R\000e\000f\000a\000c\000c\000i\000\363\000n}{section.5.6}% 60
\BOOKMARK [2][-]{subsection.5.6.10}{\376\377\000C\000U\0001\0000\000\040\000V\000i\000s\000u\000a\000l\000i\000z\000a\000r\000\040\000E\000m\000p\000l\000e\000a\000d\000o\000s}{section.5.6}% 61
\BOOKMARK [2][-]{subsection.5.6.11}{\376\377\000C\000U\000\040\0001\0001\000\040\000R\000e\000g\000i\000s\000t\000r\000a\000r\000\040\000E\000m\000p\000l\000e\000a\000d\000o}{section.5.6}% 62
\BOOKMARK [2][-]{subsection.5.6.12}{\376\377\000C\000U\0001\0002\000\040\000M\000o\000d\000i\000f\000i\000c\000a\000r\000\040\000E\000m\000p\000l\000e\000a\000d\000o}{section.5.6}% 63
\BOOKMARK [2][-]{subsection.5.6.13}{\376\377\000C\000U\0001\0003\000\040\000E\000l\000i\000m\000i\000n\000a\000r\000\040\000E\000m\000p\000l\000e\000a\000d\000o}{section.5.6}% 64
\BOOKMARK [2][-]{subsection.5.6.14}{\376\377\000C\000U\0001\0004\000\040\000B\000u\000s\000c\000a\000r\000\040\000E\000m\000p\000l\000e\000a\000d\000o}{section.5.6}% 65
\BOOKMARK [2][-]{subsection.5.6.15}{\376\377\000C\000U\0001\0005\000\040\000V\000i\000s\000u\000a\000l\000i\000z\000a\000r\000\040\000R\000e\000f\000a\000c\000c\000i\000o\000n\000e\000s}{section.5.6}% 66
\BOOKMARK [2][-]{subsection.5.6.16}{\376\377\000C\000U\0001\0006\000\040\000R\000e\000g\000i\000s\000t\000r\000a\000r\000\040\000R\000e\000f\000a\000c\000c\000i\000\363\000n}{section.5.6}% 67
\BOOKMARK [2][-]{subsection.5.6.17}{\376\377\000C\000U\0001\0007\000\040\000M\000o\000d\000i\000f\000i\000c\000a\000r\000\040\000R\000e\000f\000a\000c\000c\000i\000\363\000n}{section.5.6}% 68
\BOOKMARK [2][-]{subsection.5.6.18}{\376\377\000C\000U\0001\0008\000\040\000E\000l\000i\000m\000i\000n\000a\000r\000\040\000R\000e\000f\000a\000c\000c\000i\000\363\000n}{section.5.6}% 69
\BOOKMARK [2][-]{subsection.5.6.19}{\376\377\000C\000U\0001\0009\000\040\000B\000u\000s\000c\000a\000r\000\040\000R\000e\000f\000a\000c\000c\000i\000o\000n\000e\000s}{section.5.6}% 70
\BOOKMARK [2][-]{subsection.5.6.20}{\376\377\000C\000U\0002\0000\000\040\000V\000i\000s\000u\000a\000l\000i\000z\000a\000r\000\040\000S\000o\000l\000i\000c\000i\000t\000u\000d\000e\000s}{section.5.6}% 71
\BOOKMARK [2][-]{subsection.5.6.21}{\376\377\000C\000U\0002\0001\000\040\000A\000t\000e\000n\000d\000e\000r\000\040\000S\000o\000l\000i\000c\000i\000t\000u\000d}{section.5.6}% 72
\BOOKMARK [0][-]{chapter.6}{\376\377\000R\000o\000l\000e\000s\000\040\000y\000\040\000R\000e\000p\000o\000r\000t\000e\000s}{}% 73
\BOOKMARK [1][-]{section.6.1}{\376\377\000R\000o\000l\000e\000s\000\040\000I\000n\000v\000o\000l\000u\000c\000r\000a\000d\000o\000s\000\040\000y\000\040\000C\000a\000p\000a\000c\000i\000t\000a\000c\000i\000\363\000n}{chapter.6}% 74
\BOOKMARK [1][-]{section.6.2}{\376\377\000R\000e\000p\000o\000r\000t\000e\000\040\000d\000e\000\040\000A\000c\000t\000i\000v\000i\000d\000a\000d\000e\000s}{chapter.6}% 75
\BOOKMARK [1][-]{section.6.3}{\376\377\000L\000e\000c\000c\000i\000o\000n\000e\000s\000\040\000A\000p\000r\000e\000n\000d\000i\000d\000a\000s}{chapter.6}% 76
\BOOKMARK [1][-]{section.6.4}{\376\377\000R\000e\000p\000o\000r\000t\000e\000\040\000d\000e\000\040\000M\000e\000d\000i\000c\000i\000o\000n\000e\000s\000\040\000y\000\040\000M\000e\000j\000o\000r\000a}{chapter.6}% 77
\BOOKMARK [1][-]{section.6.5}{\376\377\000P\000l\000a\000n\000\040\000d\000e\000\040\000P\000r\000u\000e\000b\000a\000s}{chapter.6}% 78
\BOOKMARK [1][-]{section.6.6}{\376\377\000P\000l\000a\000n\000\040\000y\000\040\000R\000e\000p\000o\000r\000t\000e\000\040\000d\000e\000\040\000P\000r\000u\000e\000b\000a\000s\000\040\000d\000e\000\040\000I\000n\000t\000e\000g\000r\000a\000c\000i\000\363\000n}{chapter.6}% 79
\BOOKMARK [2][-]{subsection.6.6.1}{\376\377\000E\000s\000t\000r\000a\000t\000e\000g\000i\000a\000\040\000d\000e\000\040\000i\000n\000t\000e\000g\000r\000a\000c\000i\000\363\000n}{section.6.6}% 80
\BOOKMARK [1][-]{section.6.7}{\376\377\000R\000e\000p\000o\000r\000t\000e\000\040\000d\000e\000\040\000V\000e\000r\000i\000f\000i\000c\000a\000c\000i\000\363\000n}{chapter.6}% 81
\BOOKMARK [1][-]{section.6.8}{\376\377\000R\000e\000p\000o\000r\000t\000e\000\040\000d\000e\000\040\000V\000a\000l\000i\000d\000a\000c\000i\000\363\000n}{chapter.6}% 82
\BOOKMARK [1][-]{section.6.9}{\376\377\000C\000o\000n\000c\000l\000u\000s\000i\000o\000n\000e\000s}{chapter.6}% 83
\BOOKMARK [0][-]{appendix.Alph1}{\376\377\000A\000n\000e\000x\000o\000s\000\040\000d\000e\000l\000\040\000D\000o\000c\000u\000m\000e\000n\000t\000o}{}% 84
\BOOKMARK [1][-]{subsection.Alph1.0.1}{\376\377\000P\000r\000o\000d\000u\000c\000t\000\040\000B\000a\000c\000k\000l\000o\000g}{appendix.Alph1}% 85
\BOOKMARK [2][-]{subsection.Alph1.0.2}{\376\377\000S\000p\000r\000i\000n\000t\000\040\000B\000a\000c\000k\000l\000o\000g}{subsection.Alph1.0.1}% 86
\BOOKMARK [2][-]{subsection.Alph1.0.3}{\376\377\000V\000i\000s\000t\000a\000s\000\040\000d\000e\000l\000\040\000M\000V\000P}{subsection.Alph1.0.1}% 87
